
Gurobi 12.0.0 (win64) logging started Fri May 30 12:59:14 2025

Set parameter LogFile to value "results/gurobi/vna/SK/100_SK_seed1.log"
Gurobi Optimizer version 12.0.0 build v12.0.0rc1 (win64 - Windows 11.0 (26100.2))

CPU model: 13th Gen Intel(R) Core(TM) i9-13900HX, instruction set [SSE2|AVX|AVX2]
Thread count: 24 physical cores, 32 logical processors, using up to 32 threads

Non-default parameters:
TimeLimit  3600
MIPGap  0

Optimize a model with 0 rows, 101 columns and 0 nonzeros
Model fingerprint: 0xd4b686b1
Model has 4950 quadratic objective terms
Variable types: 0 continuous, 101 integer (101 binary)
Coefficient statistics:
  Matrix range     [0e+00, 0e+00]
  Objective range  [2e-04, 5e-01]
  QObjective range [6e-07, 3e-01]
  Bounds range     [1e+00, 1e+00]
  RHS range        [0e+00, 0e+00]
Found heuristic solution: objective -0.3666091
Found heuristic solution: objective -0.3666091
Found heuristic solution: objective -7.1556049
Presolve removed 0 rows and 1 columns
Presolve time: 0.01s
Presolved: 0 rows, 100 columns, 0 nonzeros
Presolved model has 4950 quadratic objective terms
Variable types: 0 continuous, 100 integer (100 binary)

Root relaxation: objective -9.300747e+00, 127 iterations, 0.00 seconds (0.00 work units)

    Nodes    |    Current Node    |     Objective Bounds      |     Work
 Expl Unexpl |  Obj  Depth IntInf | Incumbent    BestBd   Gap | It/Node Time

     0     0   -9.30075    0   94   -7.15560   -9.30075  30.0%     -    0s
     0     0   -9.29092    0   94   -7.15560   -9.29092  29.8%     -    0s
     0     2   -9.27378    0   94   -7.15560   -9.27378  29.6%     -    0s
 20561 15930   -8.91493   60   59   -7.15560   -8.91493  24.6%  34.3    5s
 80730 63346   -8.91493   60   59   -7.15560   -8.91493  24.6%  31.1   10s
 101985 81957   -8.91493   62   55   -7.15560   -8.91493  24.6%  31.3   15s
 146527 114806   -8.91493   81   43   -7.15560   -8.91493  24.6%  31.1   20s
 157776 122398   -8.91493   54   63   -7.15560   -8.91493  24.6%  31.6   25s
 158072 122720   -8.91493   63   58   -7.15560   -8.91493  24.6%  31.6   30s
 177188 141454   -8.91493   48   74   -7.15560   -8.91493  24.6%  31.7   35s
 220787 176978   -8.91493   49   73   -7.15560   -8.91493  24.6%  32.0   40s
 265998 212288   -8.91493   48   79   -7.15560   -8.91493  24.6%  31.9   45s
 312320 248694   -8.91493   50   71   -7.15560   -8.91493  24.6%  32.0   50s
 359336 286029   -8.91493   63   54   -7.15560   -8.91493  24.6%  31.9   55s
 404929 323704   -8.91493   65   54   -7.15560   -8.91493  24.6%  31.7   60s
 442836 349676   -8.91493   53   68   -7.15560   -8.91493  24.6%  31.6   65s
 445918 355343   -8.91493   53   64   -7.15560   -8.91493  24.6%  31.6   70s
 495671 393794   -8.91493   63   59   -7.15560   -8.91493  24.6%  31.3   75s
 548127 432854   -8.91493   49   71   -7.15560   -8.91493  24.6%  31.2   80s
 589781 465627   -8.91493   51   72   -7.15560   -8.91493  24.6%  31.1   85s
 634360 502089   -8.91493   83   40   -7.15560   -8.91493  24.6%  31.1   90s
 682875 539281   -8.91493   53   73   -7.15560   -8.91493  24.6%  30.9   95s
 732714 579179   -8.91493   73   47   -7.15560   -8.91493  24.6%  30.8  100s
 775447 613091   -8.91493   71   45   -7.15560   -8.91493  24.6%  30.8  105s
 829276 655382   -8.91493   68   53   -7.15560   -8.91493  24.6%  30.6  110s
 875950 693734   -8.91493   53   73   -7.15560   -8.91493  24.6%  30.5  115s
 922904 732728   -8.91493   64   56   -7.15560   -8.91493  24.6%  30.4  120s
 979599 774364   -8.91493   53   66   -7.15560   -8.91493  24.6%  30.2  125s
 1028810 813179   -8.91493   51   71   -7.15560   -8.91493  24.6%  30.2  130s
 1080824 854292   -8.91493   50   69   -7.15560   -8.91493  24.6%  30.1  135s
 1128995 893563   -8.91493   51   69   -7.15560   -8.91493  24.6%  30.1  140s
 1175350 931040   -8.91493   54   70   -7.15560   -8.91493  24.6%  30.0  145s
 1227550 972064   -8.91493   55   65   -7.15560   -8.91493  24.6%  30.0  150s
 1282252 1014834   -8.91493   72   48   -7.15560   -8.91493  24.6%  29.9  155s
 1328016 1051378   -8.91493   50   78   -7.15560   -8.91493  24.6%  29.9  160s
 1381923 1092291   -8.91493   52   71   -7.15560   -8.91493  24.6%  29.8  165s
 1435203 1133353   -8.91493   68   52   -7.15560   -8.91493  24.6%  29.7  170s
 1487453 1177173   -8.91493   51   75   -7.15560   -8.91493  24.6%  29.7  175s
 1541450 1219160     cutoff   96        -7.15560   -8.91493  24.6%  29.6  180s
 1589390 1255472   -8.91493   70   57   -7.15560   -8.91493  24.6%  29.6  185s
 1641679 1296943   -8.91493   61   60   -7.15560   -8.91493  24.6%  29.5  190s
 1694324 1334665   -8.91493   66   59   -7.15560   -8.91493  24.6%  29.4  195s
 1737864 1369940   -8.91493   65   55   -7.15560   -8.91493  24.6%  29.4  200s
 1787365 1408763   -8.91493   51   72   -7.15560   -8.91493  24.6%  29.3  205s
 1838599 1446969   -8.91493   54   68   -7.15560   -8.91493  24.6%  29.3  210s
 1887464 1483214   -8.91493   69   54   -7.15560   -8.91493  24.6%  29.3  215s
 1934703 1525524   -8.91493   61   57   -7.15560   -8.91493  24.6%  29.2  220s
 1983931 1559530   -8.91493   63   57   -7.15560   -8.91493  24.6%  29.2  225s
 2032772 1596332   -8.91493   56   65   -7.15560   -8.91493  24.6%  29.2  230s
 2082277 1634537   -8.91493   57   62   -7.15560   -8.91493  24.6%  29.2  235s
 2131550 1674726   -8.91493   74   46   -7.15560   -8.91493  24.6%  29.2  240s
 2178131 1711247   -8.91493   56   67   -7.15560   -8.91493  24.6%  29.2  245s
 2233354 1753540   -8.91493   54   69   -7.15560   -8.91493  24.6%  29.2  250s
 2283708 1793846   -8.91493   57   66   -7.15560   -8.91493  24.6%  29.1  255s
 2335422 1834021   -8.91493   52   66   -7.15560   -8.91493  24.6%  29.1  260s
 2386260 1876560   -8.91493   54   67   -7.15560   -8.91493  24.6%  29.1  265s
 2432304 1908827   -8.77356   83   40   -7.15560   -8.91493  24.6%  29.1  270s
 2486780 1953361   -8.35988   84   39   -7.15560   -8.91493  24.6%  29.1  275s
 2530355 1988407     cutoff   88        -7.15560   -8.91493  24.6%  29.1  280s
 2582400 2029231   -8.91493   52   71   -7.15560   -8.91493  24.6%  29.1  285s
 2633632 2069530   -8.91493   70   55   -7.15560   -8.91493  24.6%  29.1  290s
 2690406 2111682   -8.91493   63   59   -7.15560   -8.91493  24.6%  29.0  295s
 2741606 2150042   -8.91493   73   50   -7.15560   -8.91493  24.6%  29.0  300s
 2789387 2189539   -8.91493   56   63   -7.15560   -8.91493  24.6%  29.0  305s
 2841326 2229475   -8.91493   65   57   -7.15560   -8.91493  24.6%  29.0  310s
 2892908 2265603   -8.91493   65   54   -7.15560   -8.91493  24.6%  29.0  315s
 2942139 2303416   -8.91493   57   63   -7.15560   -8.91493  24.6%  28.9  320s
 2999966 2347017     cutoff   89        -7.15560   -8.91493  24.6%  28.9  325s
 3053261 2392423   -8.91493   56   67   -7.15560   -8.91493  24.6%  28.9  330s
 3107201 2436347   -8.91493   58   64   -7.15560   -8.91493  24.6%  28.8  335s
 3154090 2472016   -8.91493   63   59   -7.15560   -8.91493  24.6%  28.8  340s
 3206110 2512938   -8.91493   64   55   -7.15560   -8.91493  24.6%  28.8  345s
 3259567 2554422   -8.91493   67   51   -7.15560   -8.91493  24.6%  28.8  350s
 3305826 2591380   -8.91493   63   52   -7.15560   -8.91493  24.6%  28.8  355s
 3357557 2632364   -8.91493   54   68   -7.15560   -8.91493  24.6%  28.8  360s
 3407930 2671240     cutoff   92        -7.15560   -8.91493  24.6%  28.8  365s
 3454116 2705389   -8.91493   63   62   -7.15560   -8.91493  24.6%  28.8  370s
 3507077 2747803   -8.91493   58   64   -7.15560   -8.91493  24.6%  28.8  375s
 3558123 2786489   -8.90824   81   40   -7.15560   -8.91493  24.6%  28.8  380s
 3614175 2831497   -7.87308   84   42   -7.15560   -8.91493  24.6%  28.8  385s
 3665311 2870305   -8.91493   67   54   -7.15560   -8.91493  24.6%  28.8  390s
 3716302 2908165   -8.91493   78   45   -7.15560   -8.91493  24.6%  28.8  395s
 3759615 2940744   -8.91493   57   63   -7.15560   -8.91493  24.6%  28.8  400s
 3813009 2982991   -8.91493   54   70   -7.15560   -8.91493  24.6%  28.7  405s
 3868913 3025966   -8.91493   72   47   -7.15560   -8.91493  24.6%  28.7  410s
 3918549 3064060   -8.91493   53   69   -7.15560   -8.91493  24.6%  28.7  415s
 3974877 3107180   -8.91493   53   72   -7.15560   -8.91493  24.6%  28.7  420s
 4028387 3148316   -8.91493   80   41   -7.15560   -8.91493  24.6%  28.7  425s
 4078302 3189341   -8.91493   75   44   -7.15560   -8.91493  24.6%  28.7  430s
 4134102 3230709   -7.28859   88   39   -7.15560   -8.91493  24.6%  28.7  435s
 4176257 3262401   -8.91493   52   72   -7.15560   -8.91493  24.6%  28.7  440s
 4232982 3306714   -8.91493   67   50   -7.15560   -8.91493  24.6%  28.6  445s
 4285847 3347560   -8.91493   63   61   -7.15560   -8.91493  24.6%  28.6  450s
 4339911 3389259   -8.91493   52   69   -7.15560   -8.91493  24.6%  28.6  455s
 4390579 3429086   -8.91493   52   74   -7.15560   -8.91493  24.6%  28.6  460s
 4441617 3468756   -8.91493   68   55   -7.15560   -8.91493  24.6%  28.6  465s
 4490808 3506712   -8.91493   53   70   -7.15560   -8.91493  24.6%  28.6  470s
 4544464 3545666   -8.91493   53   69   -7.15560   -8.91493  24.6%  28.6  475s
 4598655 3587127   -8.91493   57   64   -7.15560   -8.91493  24.6%  28.5  480s
 4650071 3626428   -8.91493   72   49   -7.15560   -8.91493  24.6%  28.5  485s
 4703629 3670173   -8.91493   56   66   -7.15560   -8.91493  24.6%  28.5  490s
 4753708 3710227   -8.91493   54   62   -7.15560   -8.91493  24.6%  28.5  495s
 4806736 3752104   -8.91493   64   56   -7.15560   -8.91493  24.6%  28.5  500s
 4860956 3793924   -7.89594   87   34   -7.15560   -8.91493  24.6%  28.5  505s
 4913241 3831418   -8.91493   62   62   -7.15560   -8.91493  24.6%  28.5  510s
 4964699 3872023   -8.91493   53   69   -7.15560   -8.91493  24.6%  28.4  515s
 5010385 3906646   -8.91493   57   66   -7.15560   -8.91493  24.6%  28.4  520s
 5065759 3948154     cutoff   86        -7.15560   -8.91493  24.6%  28.4  525s
 5122667 3994625   -8.91493   53   69   -7.15560   -8.91493  24.6%  28.4  530s
 5178345 4036543   -8.91493   57   61   -7.15560   -8.91493  24.6%  28.4  535s
 5232180 4080890   -8.91493   75   47   -7.15560   -8.91493  24.6%  28.4  540s
 5281138 4118576   -8.91493   63   58   -7.15560   -8.91493  24.6%  28.4  545s
 5331632 4157366   -7.28734   89   32   -7.15560   -8.91493  24.6%  28.4  550s
 5382773 4195304   -8.91493   78   42   -7.15560   -8.91493  24.6%  28.4  555s
 5427333 4227483   -8.91493   59   61   -7.15560   -8.91493  24.6%  28.3  560s
 5478970 4267787   -8.91493   56   64   -7.15560   -8.91493  24.6%  28.3  565s
 5532317 4306929   -8.91493   65   56   -7.15560   -8.91493  24.6%  28.3  570s
 5533236 4307789   -8.91493   74   42   -7.15560   -8.91493  24.6%  28.3  575s
 5537039 4311835   -8.91493   83   32   -7.15560   -8.91493  24.6%  28.3  580s
 5560601 4333020     cutoff   89        -7.15560   -8.91493  24.6%  28.3  585s
 5598241 4362791   -8.91493   57   63   -7.15560   -8.91493  24.6%  28.3  590s
 5648798 4397878   -8.91493   55   66   -7.15560   -8.91493  24.6%  28.3  595s
 5704656 4441775   -8.91493   54   67   -7.15560   -8.91493  24.6%  28.3  600s
 5758250 4483120   -8.91493   62   60   -7.15560   -8.91493  24.6%  28.3  605s
 5808884 4518831   -8.91493   54   68   -7.15560   -8.91493  24.6%  28.2  610s
 5856682 4556446   -8.91493   53   73   -7.15560   -8.91493  24.6%  28.2  615s
 5907772 4595358   -8.91493   58   66   -7.15560   -8.91493  24.6%  28.2  620s
 5959685 4636158   -8.91493   55   64   -7.15560   -8.91493  24.6%  28.2  625s
 6010719 4674413   -8.91493   54   66   -7.15560   -8.91493  24.6%  28.2  630s
 6061683 4713061   -8.91493   55   68   -7.15560   -8.91493  24.6%  28.2  635s
 6113250 4753683   -8.91493   53   68   -7.15560   -8.91493  24.6%  28.2  640s
 6167589 4796128   -8.91493   67   62   -7.15560   -8.91493  24.6%  28.2  645s
 6213077 4829828   -8.91493   53   73   -7.15560   -8.91493  24.6%  28.2  650s
 6266390 4871767   -8.91493   53   71   -7.15560   -8.91493  24.6%  28.2  655s
 6318934 4911828   -8.91493   58   66   -7.15560   -8.91493  24.6%  28.2  660s
 6363964 4945435   -8.91493   81   39   -7.15560   -8.91493  24.6%  28.1  665s
 6415888 4986224   -8.91493   53   68   -7.15560   -8.91493  24.6%  28.1  670s
 6471696 5028735   -8.91493   76   46   -7.15560   -8.91493  24.6%  28.1  675s
 6526208 5072026   -8.71138   83   38   -7.15560   -8.91493  24.6%  28.1  680s
 6574221 5110398   -8.91493   58   60   -7.15560   -8.91493  24.6%  28.1  685s
 6631343 5154454   -7.45579   87   39   -7.15560   -8.91493  24.6%  28.1  690s
 6677688 5190183   -8.91493   54   66   -7.15560   -8.91493  24.6%  28.1  695s
 6729348 5230698   -8.91493   64   55   -7.15560   -8.91493  24.6%  28.1  700s
 6782877 5271771   -8.91493   60   63   -7.15560   -8.91493  24.6%  28.1  705s
 6840143 5311652   -8.91493   54   71   -7.15560   -8.91493  24.6%  28.1  710s
 6889773 5350142   -8.91493   53   68   -7.15560   -8.91493  24.6%  28.1  715s
 6939885 5389547   -8.91493   53   71   -7.15560   -8.91493  24.6%  28.1  720s
 6991454 5430235   -8.02113   85   39   -7.15560   -8.91493  24.6%  28.1  725s
 7041004 5468953   -8.91493   53   69   -7.15560   -8.91493  24.6%  28.0  730s
 7090432 5507221   -8.91493   54   66   -7.15560   -8.91493  24.6%  28.0  735s
 7146173 5551860   -8.91493   65   60   -7.15560   -8.91493  24.6%  28.0  740s
 7193380 5587432   -8.91493   57   64   -7.15560   -8.91493  24.6%  28.0  745s
 7249988 5631119   -8.91493   53   71   -7.15560   -8.91493  24.6%  28.0  750s
 7300344 5668877   -8.91493   54   70   -7.15560   -8.91493  24.6%  28.0  755s
 7350950 5706952   -8.91493   54   67   -7.15560   -8.91493  24.6%  28.0  760s
 7401333 5745618   -8.91493   72   50   -7.15560   -8.91493  24.6%  28.0  765s
 7449112 5783202   -8.91493   69   54   -7.15560   -8.91493  24.6%  28.0  770s
 7506867 5826525   -8.91493   55   60   -7.15560   -8.91493  24.6%  28.0  775s
 7550336 5859339   -8.91493   79   43   -7.15560   -8.91493  24.6%  28.0  780s
 7597880 5907227   -8.91493   67   58   -7.15560   -8.91493  24.6%  28.0  785s
 7656736 5941915   -8.91493   67   51   -7.15560   -8.91493  24.6%  28.0  790s
 7712150 5981027   -8.91493   58   66   -7.15560   -8.91493  24.6%  28.0  795s
 7767979 6022602   -8.91493   55   68   -7.15560   -8.91493  24.6%  27.9  800s
 7822401 6065956   -8.91493   74   48   -7.15560   -8.91493  24.6%  27.9  805s
 7879071 6111192   -8.01138   85   35   -7.15560   -8.91493  24.6%  27.9  810s
 7929816 6149497   -8.91493   67   53   -7.15560   -8.91493  24.6%  27.9  815s
 7977305 6185606   -8.91493   53   73   -7.15560   -8.91493  24.6%  27.9  820s
 8022764 6220336   -8.74068   83   38   -7.15560   -8.91493  24.6%  27.9  825s
 8072212 6260122   -8.91493   53   70   -7.15560   -8.91493  24.6%  27.9  830s
 8129804 6303870   -8.91493   56   66   -7.15560   -8.91493  24.6%  27.9  835s
 8180491 6344171   -8.91493   81   38   -7.15560   -8.91493  24.6%  27.9  840s
 8230724 6380578   -7.23707   91   27   -7.15560   -8.91493  24.6%  27.9  845s
 8291636 6424783   -8.91493   55   67   -7.15560   -8.91493  24.6%  27.9  850s
 8338949 6457977   -7.51901   90   31   -7.15560   -8.91493  24.6%  27.9  855s
 8388683 6495404   -8.91493   56   67   -7.15560   -8.91493  24.6%  27.9  860s
 8440770 6535245   -8.91493   79   45   -7.15560   -8.91493  24.6%  27.9  865s
 8492232 6575587   -8.91493   54   67   -7.15560   -8.91493  24.6%  27.9  870s
 8547353 6617381   -8.91493   54   71   -7.15560   -8.91493  24.6%  27.9  875s
 8591981 6651960   -8.91493   54   63   -7.15560   -8.91493  24.6%  27.9  880s
 8641395 6690386   -8.91493   66   60   -7.15560   -8.91493  24.6%  27.9  885s
 8696946 6734574   -8.91493   75   45   -7.15560   -8.91493  24.6%  27.9  890s
 8747014 6770524   -7.47534   88   34   -7.15560   -8.91493  24.6%  27.9  895s
 8796038 6806828   -8.91493   54   69   -7.15560   -8.91493  24.6%  27.9  900s
 8849171 6850393   -8.91493   63   59   -7.15560   -8.91493  24.6%  27.9  905s
 8899650 6890256   -8.91493   63   57   -7.15560   -8.91493  24.6%  27.9  910s
 8949154 6928231   -8.91493   55   69   -7.15560   -8.91493  24.6%  27.8  915s
 9001751 6971714   -8.91493   63   56   -7.15560   -8.91493  24.6%  27.8  920s
 9056325 7009835   -8.91493   61   55   -7.15560   -8.91493  24.6%  27.8  925s
 9103068 7043362   -8.91493   62   59   -7.15560   -8.91493  24.6%  27.8  930s
 9154469 7083791   -8.91493   65   53   -7.15560   -8.91493  24.6%  27.8  935s
 9201086 7118783   -8.91493   77   45   -7.15560   -8.91493  24.6%  27.8  940s
 9253694 7158666   -8.91493   55   69   -7.15560   -8.91493  24.6%  27.8  945s
 9304614 7196775   -8.91493   54   66   -7.15560   -8.91493  24.6%  27.8  950s
 9356221 7235422   -8.91493   54   68   -7.15560   -8.91493  24.6%  27.8  955s
 9406646 7276605   -8.91493   60   66   -7.15560   -8.91493  24.6%  27.8  960s
 9461254 7318080   -8.91493   58   64   -7.15560   -8.91493  24.6%  27.8  965s
 9511957 7355859   -8.91493   53   73   -7.15560   -8.91493  24.6%  27.8  970s
 9563394 7394300   -8.91493   71   51   -7.15560   -8.91493  24.6%  27.8  975s
 9615084 7433068   -8.91493   54   64   -7.15560   -8.91493  24.6%  27.8  980s
 9664137 7469893   -8.91493   77   41   -7.15560   -8.91493  24.6%  27.8  985s
 9720101 7513046   -8.91493   55   67   -7.15560   -8.91493  24.6%  27.8  990s
 9767840 7549605   -8.91493   82   40   -7.15560   -8.91493  24.6%  27.8  995s
 9821838 7591594   -8.91493   59   63   -7.15560   -8.91493  24.6%  27.8 1000s
 9869343 7630564   -8.91493   55   70   -7.15560   -8.91493  24.6%  27.8 1005s
 9918724 7666407   -8.91493   54   68   -7.15560   -8.91493  24.6%  27.8 1010s
 9974573 7707108   -8.91493   54   64   -7.15560   -8.91493  24.6%  27.7 1015s
 10019788 7741748   -8.91493   54   71   -7.15560   -8.91493  24.6%  27.7 1020s
 10074368 7783437   -8.91493   54   74   -7.15560   -8.91493  24.6%  27.7 1025s
 10116703 7816467   -8.91493   58   66   -7.15560   -8.91493  24.6%  27.7 1030s
 10170692 7858938   -8.91493   54   70   -7.15560   -8.91493  24.6%  27.7 1035s
 10221938 7898967   -8.91493   54   64   -7.15560   -8.91493  24.6%  27.7 1040s
 10271836 7938394   -8.91493   61   63   -7.15560   -8.91493  24.6%  27.7 1045s
 10321147 7976941   -8.91493   59   64   -7.15560   -8.91493  24.6%  27.7 1050s
 10372670 8014360   -8.91493   58   60   -7.15560   -8.91493  24.6%  27.7 1055s
 10426285 8053868   -8.91493   54   67   -7.15560   -8.91493  24.6%  27.7 1060s
 10481231 8096092   -8.91493   58   70   -7.15560   -8.91493  24.6%  27.7 1065s
 10533467 8134143   -8.91493   69   55   -7.15560   -8.91493  24.6%  27.7 1070s
 10585788 8171790   -8.91493   54   70   -7.15560   -8.91493  24.6%  27.7 1075s
 10637737 8211679   -8.91493   71   48   -7.15560   -8.91493  24.6%  27.7 1080s
 10677139 8249312   -8.91493   55   70   -7.15560   -8.91493  24.6%  27.7 1085s
 10735317 8287908   -8.91493   58   63   -7.15560   -8.91493  24.6%  27.7 1090s
 10787875 8328501   -8.91493   56   61   -7.15560   -8.91493  24.6%  27.7 1095s
 10840364 8368225   -8.13705   88   35   -7.15560   -8.91493  24.6%  27.7 1100s
 10894236 8411347   -8.91493   59   64   -7.15560   -8.91493  24.6%  27.7 1105s
 10944947 8452712   -8.91493   59   59   -7.15560   -8.91493  24.6%  27.7 1110s
 10997957 8494225     cutoff   90        -7.15560   -8.91493  24.6%  27.7 1115s
 11051157 8533980   -8.91493   55   70   -7.15560   -8.91493  24.6%  27.7 1120s
 11101542 8574361   -8.91493   77   48   -7.15560   -8.91493  24.6%  27.7 1125s
 11152791 8613990   -8.91493   63   57   -7.15560   -8.91493  24.6%  27.7 1130s
 11203952 8652951   -8.91493   54   69   -7.15560   -8.91493  24.6%  27.7 1135s
 11252614 8690402   -8.91493   74   52   -7.15560   -8.91493  24.6%  27.7 1140s
 11304591 8727291   -8.91493   59   63   -7.15560   -8.91493  24.6%  27.7 1145s
 11355441 8767460   -8.91493   55   73   -7.15560   -8.91493  24.6%  27.7 1150s
 11410742 8808013   -8.91493   55   68   -7.15560   -8.91493  24.6%  27.6 1155s
 11461960 8848238   -8.91493   67   55   -7.15560   -8.91493  24.6%  27.6 1160s
 11511413 8888042   -8.91493   58   61   -7.15560   -8.91493  24.6%  27.6 1165s
 11561735 8924269   -8.91493   66   54   -7.15560   -8.91493  24.6%  27.6 1170s
 11611398 8963040   -8.91493   59   63   -7.15560   -8.91493  24.6%  27.6 1175s
 11661728 9000399   -8.91493   70   49   -7.15560   -8.91493  24.6%  27.6 1180s
 11666319 9000657   -8.91493   80   43   -7.15560   -8.91493  24.6%  27.6 1185s
 11666697 9000982   -7.59608   91   31   -7.15560   -8.91493  24.6%  27.6 1190s
 11669951 9005219   -8.91493   56   69   -7.15560   -8.91493  24.6%  27.6 1195s
 11690366 9022555   -8.91493   60   65   -7.15560   -8.91493  24.6%  27.6 1200s
 11732947 9056053   -8.91493   53   69   -7.15560   -8.91493  24.6%  27.6 1205s
 11776412 9088683   -8.91493   67   54   -7.15560   -8.91493  24.6%  27.6 1210s
 11825876 9126451   -8.91493   74   51   -7.15560   -8.91493  24.6%  27.6 1215s
 11877517 9166245   -8.91493   54   71   -7.15560   -8.91493  24.6%  27.6 1220s
 11924100 9202224   -8.91493   60   61   -7.15560   -8.91493  24.6%  27.6 1225s
 11978897 9239880   -8.91493   76   45   -7.15560   -8.91493  24.6%  27.6 1230s
 12028685 9278404   -8.91493   70   48   -7.15560   -8.91493  24.6%  27.6 1235s
 12082812 9318263   -8.91493   54   71   -7.15560   -8.91493  24.6%  27.6 1240s
 12128989 9353910   -8.91493   54   67   -7.15560   -8.91493  24.6%  27.6 1245s
 12176968 9390474   -8.91493   58   66   -7.15560   -8.91493  24.6%  27.6 1250s
 12224862 9427880   -8.91493   59   69   -7.15560   -8.91493  24.6%  27.6 1255s
 12266935 9468907   -8.91493   77   47   -7.15560   -8.91493  24.6%  27.6 1260s
 12331846 9509374   -8.91493   55   68   -7.15560   -8.91493  24.6%  27.6 1265s
 12386503 9551872   -8.91493   59   59   -7.15560   -8.91493  24.6%  27.6 1270s
 12434947 9587154   -8.91493   65   55   -7.15560   -8.91493  24.6%  27.6 1275s
 12482603 9625256   -8.91493   59   56   -7.15560   -8.91493  24.6%  27.6 1280s
 12530729 9659340   -8.91493   63   62   -7.15560   -8.91493  24.6%  27.6 1285s
 12585169 9699661   -8.91493   73   49   -7.15560   -8.91493  24.6%  27.6 1290s
 12633213 9735929     cutoff   94        -7.15560   -8.91493  24.6%  27.6 1295s
 12686186 9779619   -8.91493   54   70   -7.15560   -8.91493  24.6%  27.6 1300s
 12739373 9817415   -8.91493   54   69   -7.15560   -8.91493  24.6%  27.6 1305s
 12789268 9856751   -8.91493   78   44   -7.15560   -8.91493  24.6%  27.6 1310s
 12837381 9892572   -8.91493   55   72   -7.15560   -8.91493  24.6%  27.6 1315s
 12888267 9931120   -8.91493   54   66   -7.15560   -8.91493  24.6%  27.6 1320s
 12942450 9971493   -8.91493   54   70   -7.15560   -8.91493  24.6%  27.6 1325s
 12992268 10009619   -8.90396   81   35   -7.15560   -8.91493  24.6%  27.6 1330s
 13043012 10049410   -8.91493   55   65   -7.15560   -8.91493  24.6%  27.6 1335s
 13094680 10090244   -8.91493   70   50   -7.15560   -8.91493  24.6%  27.6 1340s
 13147228 10130243   -8.91493   74   49   -7.15560   -8.91493  24.6%  27.6 1345s
 13193856 10164879   -8.91493   54   67   -7.15560   -8.91493  24.6%  27.6 1350s
 13244604 10202847   -8.91493   63   58   -7.15560   -8.91493  24.6%  27.6 1355s
 13294944 10243676   -8.91493   69   50   -7.15560   -8.91493  24.6%  27.6 1360s
 13346826 10284873   -8.91493   54   70   -7.15560   -8.91493  24.6%  27.6 1365s
 13392846 10319831   -8.91493   55   69   -7.15560   -8.91493  24.6%  27.6 1370s
 13442664 10353096   -8.91493   55   66   -7.15560   -8.91493  24.6%  27.5 1375s
 13496024 10395114   -8.91493   58   65   -7.15560   -8.91493  24.6%  27.5 1380s
 13548090 10436478   -8.91493   68   53   -7.15560   -8.91493  24.6%  27.5 1385s
 13569852 10450374   -8.91493   58   63   -7.15560   -8.91493  24.6%  27.5 1390s
 13591118 10467175   -8.91493   78   45   -7.15560   -8.91493  24.6%  27.5 1395s
 13642332 10510929   -8.91493   68   57   -7.15560   -8.91493  24.6%  27.5 1400s
 13693656 10550953   -8.91493   55   66   -7.15560   -8.91493  24.6%  27.5 1405s
 13742572 10587715   -8.91493   73   47   -7.15560   -8.91493  24.6%  27.5 1410s
 13791725 10624434   -8.91493   54   69   -7.15560   -8.91493  24.6%  27.5 1415s
 13845672 10663177   -8.91493   55   67   -7.15560   -8.91493  24.6%  27.5 1420s
 13896897 10705225   -8.91493   54   66   -7.15560   -8.91493  24.6%  27.5 1425s
 13953263 10748571   -8.91493   55   69   -7.15560   -8.91493  24.6%  27.5 1430s
 14008651 10793274   -8.91493   55   68   -7.15560   -8.91493  24.6%  27.5 1435s
 14060082 10832742   -8.91493   57   62   -7.15560   -8.91493  24.6%  27.5 1440s
 14112506 10872420   -8.91493   59   60   -7.15560   -8.91493  24.6%  27.5 1445s
 14161133 10910000   -8.91493   78   42   -7.15560   -8.91493  24.6%  27.5 1450s
 14208205 10944047   -8.91493   64   56   -7.15560   -8.91493  24.6%  27.5 1455s
 14260522 10984276   -8.91493   55   65   -7.15560   -8.91493  24.6%  27.5 1460s
 14314260 11025228   -8.91493   60   57   -7.15560   -8.91493  24.6%  27.5 1465s
 14361708 11059023     cutoff   94        -7.15560   -8.91493  24.6%  27.5 1470s
 14419329 11104861   -8.91493   70   56   -7.15560   -8.91493  24.6%  27.5 1475s
 14477098 11150600   -8.91493   61   59   -7.15560   -8.91493  24.6%  27.5 1480s
 14527952 11190954   -8.91493   53   68   -7.15560   -8.91493  24.6%  27.5 1485s
 14579447 11228781   -8.91493   56   62   -7.15560   -8.91493  24.6%  27.5 1490s
 14620569 11261948   -8.91493   68   53   -7.15560   -8.91493  24.6%  27.5 1495s
 14675877 11301697   -8.91493   55   69   -7.15560   -8.91493  24.6%  27.5 1500s
 14729622 11342852   -8.91493   80   43   -7.15560   -8.91493  24.6%  27.5 1505s
 14787703 11389492   -7.19046   89   31   -7.15560   -8.91493  24.6%  27.5 1510s
 14842333 11428456   -8.91493   55   67   -7.15560   -8.91493  24.6%  27.5 1515s
 14893454 11470300   -8.91493   60   57   -7.15560   -8.91493  24.6%  27.5 1520s
 14947166 11510669   -8.91493   63   63   -7.15560   -8.91493  24.6%  27.5 1525s
 14992602 11544474   -8.91493   55   70   -7.15560   -8.91493  24.6%  27.5 1530s
 15042973 11581605   -8.91493   55   69   -7.15560   -8.91493  24.6%  27.5 1535s
 15096708 11623478   -8.91493   60   64   -7.15560   -8.91493  24.6%  27.5 1540s
 15146528 11660654   -8.91493   61   64   -7.15560   -8.91493  24.6%  27.5 1545s
 15203173 11704182   -8.91493   56   67   -7.15560   -8.91493  24.6%  27.5 1550s
 15253678 11743920   -8.90844   82   39   -7.15560   -8.91493  24.6%  27.5 1555s
 15305915 11784973   -8.91493   60   60   -7.15560   -8.91493  24.6%  27.5 1560s
 15359079 11826127   -8.91493   57   65   -7.15560   -8.91493  24.6%  27.5 1565s
 15416768 11868000   -8.91493   55   68   -7.15560   -8.91493  24.6%  27.5 1570s
 15473426 11911941   -8.91493   78   41   -7.15560   -8.91493  24.6%  27.5 1575s
 15526090 11952083     cutoff   90        -7.15560   -8.91493  24.6%  27.5 1580s
 15580101 11992101   -8.91493   61   60   -7.15560   -8.91493  24.6%  27.5 1585s
 15639266 12037364   -8.91493   55   69   -7.15560   -8.91493  24.6%  27.5 1590s
 15697247 12079050   -8.91493   55   69   -7.15560   -8.91493  24.6%  27.4 1595s
 15751126 12121903   -8.91493   55   72   -7.15560   -8.91493  24.6%  27.4 1600s
 15799681 12159547   -8.91493   55   70   -7.15560   -8.91493  24.6%  27.4 1605s
 15852415 12197481   -8.91493   55   68   -7.15560   -8.91493  24.6%  27.4 1610s
 15899819 12233992   -8.91493   76   48   -7.15560   -8.91493  24.6%  27.4 1615s
 15953218 12272761   -8.91493   57   65   -7.15560   -8.91493  24.6%  27.4 1620s
 16012989 12316239   -8.91493   55   71   -7.15560   -8.91493  24.6%  27.4 1625s
 16064698 12357098   -8.91493   68   57   -7.15560   -8.91493  24.6%  27.4 1630s
 16116821 12396534     cutoff   90        -7.15560   -8.91493  24.6%  27.4 1635s
 16170722 12434259   -8.91493   70   46   -7.15560   -8.91493  24.6%  27.4 1640s
 16221281 12473731   -8.91493   59   60   -7.15560   -8.91493  24.6%  27.4 1645s
 16274522 12512625   -8.91493   64   55   -7.15560   -8.91493  24.6%  27.4 1650s
 16331737 12555327   -8.91493   58   64   -7.15560   -8.91493  24.6%  27.4 1655s
 16383186 12594913   -8.91493   55   71   -7.15560   -8.91493  24.6%  27.4 1660s
 16434639 12637294   -8.91493   65   51   -7.15560   -8.91493  24.6%  27.4 1665s
 16485929 12674843   -8.91493   58   63   -7.15560   -8.91493  24.6%  27.4 1670s
 16538774 12712977   -8.91493   54   69   -7.15560   -8.91493  24.6%  27.4 1675s
 16592818 12754610   -8.91493   58   63   -7.15560   -8.91493  24.6%  27.4 1680s
 16646114 12794176   -8.91493   55   70   -7.15560   -8.91493  24.6%  27.4 1685s
 16689444 12825204   -8.91493   63   58   -7.15560   -8.91493  24.6%  27.4 1690s

Cutting planes:
  Gomory: 83
  Cover: 2
  Implied bound: 80
  Dual implied bound: 1
  MIR: 516
  Flow cover: 284
  Inf proof: 287
  RLT: 272
  Relax-and-lift: 205

Explored 16702137 nodes (457653241 simplex iterations) in 1691.08 seconds (3256.43 work units)
Thread count was 32 (of 32 available processors)

Solution count 3: -7.1556 -7.1556 -0.366609 

Solve interrupted
Best objective -7.155604864938e+00, best bound -8.914927212467e+00, gap 24.5866%
